<?xml version="1.0" encoding="UTF-8"?>
<testng-results skipped="0" failed="0" total="1" passed="1">
  <reporter-output>
  </reporter-output>
  <suite name="Suite" duration-ms="31" started-at="2016-07-12T02:34:54Z" finished-at="2016-07-12T02:34:54Z">
    <groups>
    </groups>
    <test name="Test" duration-ms="31" started-at="2016-07-12T02:34:54Z" finished-at="2016-07-12T02:34:54Z">
      <class name="generic.Testing">
        <test-method status="PASS" signature="display()[pri:0, instance:generic.Testing@16eb2ec]" name="display" duration-ms="16" started-at="2016-07-12T08:04:54Z" finished-at="2016-07-12T08:04:54Z">
          <reporter-output>
          </reporter-output>
        </test-method> <!-- display -->
      </class> <!-- generic.Testing -->
    </test> <!-- Test -->
  </suite> <!-- Suite -->
</testng-results>
