<?xml version="1.0" encoding="UTF-8"?>
<testng-results skipped="0" failed="0" total="1" passed="1">
  <reporter-output>
  </reporter-output>
  <suite name="Default suite" duration-ms="203" started-at="2016-07-12T02:31:44Z" finished-at="2016-07-12T02:31:44Z">
    <groups>
    </groups>
    <test name="Default test" duration-ms="203" started-at="2016-07-12T02:31:44Z" finished-at="2016-07-12T02:31:44Z">
      <class name="generic.Testing">
        <test-method status="PASS" signature="display()[pri:0, instance:generic.Testing@1c36524]" name="display" duration-ms="78" started-at="2016-07-12T08:01:44Z" finished-at="2016-07-12T08:01:44Z">
          <reporter-output>
          </reporter-output>
        </test-method> <!-- display -->
      </class> <!-- generic.Testing -->
    </test> <!-- Default test -->
  </suite> <!-- Default suite -->
</testng-results>
