<?xml version="1.0" encoding="UTF-8"?>
<testng-results skipped="0" failed="0" total="2" passed="2">
  <reporter-output>
  </reporter-output>
  <suite name="Suite" duration-ms="120" started-at="2016-07-15T03:54:27Z" finished-at="2016-07-15T03:54:27Z">
    <groups>
    </groups>
    <test name="Test" duration-ms="120" started-at="2016-07-15T03:54:27Z" finished-at="2016-07-15T03:54:27Z">
      <class name="testing.Geetesh">
        <test-method status="PASS" signature="name()[pri:0, instance:testing.Geetesh@b5cdba]" name="name" duration-ms="0" started-at="2016-07-15T09:24:27Z" finished-at="2016-07-15T09:24:27Z">
          <reporter-output>
          </reporter-output>
        </test-method> <!-- name -->
      </class> <!-- testing.Geetesh -->
      <class name="generic.Testing">
        <test-method status="PASS" signature="display()[pri:0, instance:generic.Testing@1bbe5e8]" name="display" duration-ms="40" started-at="2016-07-15T09:24:27Z" finished-at="2016-07-15T09:24:27Z">
          <reporter-output>
          </reporter-output>
        </test-method> <!-- display -->
      </class> <!-- generic.Testing -->
    </test> <!-- Test -->
  </suite> <!-- Suite -->
</testng-results>
